<?xml version="1.0" encoding="utf-8"?><testsuites name="pytest tests"><testsuite name="pytest" errors="0" failures="0" skipped="0" tests="9" time="1.066" timestamp="2026-04-29T02:04:11.077079+00:00" hostname="agent-env-312b9d41-3a63-4499-ae4b-ba992a39dcb4"><testcase classname="backend.tests.test_hiscope_api" name="test_root" time="0.331" /><testcase classname="backend.tests.test_hiscope_api" name="test_contact_valid_submission" time="0.056" /><testcase classname="backend.tests.test_hiscope_api" name="test_contact_validation_422[payload0]" time="0.052" /><testcase classname="backend.tests.test_hiscope_api" name="test_contact_validation_422[payload1]" time="0.053" /><testcase classname="backend.tests.test_hiscope_api" name="test_contact_validation_422[payload2]" time="0.053" /><testcase classname="backend.tests.test_hiscope_api" name="test_contact_validation_422[payload3]" time="0.049" /><testcase classname="backend.tests.test_hiscope_api" name="test_contact_validation_422[payload4]" time="0.050" /><testcase classname="backend.tests.test_hiscope_api" name="test_contact_list_sorted_no_id" time="0.152" /><testcase classname="backend.tests.test_hiscope_api" name="test_status_create_and_list" time="0.103" /></testsuite></testsuites>